\BOOKMARK [0][-]{chapter*.3}{Abstract}{}% 1
\BOOKMARK [0][-]{chapter*.4}{Symbols}{}% 2
\BOOKMARK [0][-]{chapter.1}{Introduction}{}% 3
\BOOKMARK [1][-]{section.1.1}{Summary}{chapter.1}% 4
\BOOKMARK [1][-]{section.1.2}{Related Work}{chapter.1}% 5
\BOOKMARK [0][-]{chapter.2}{System Description}{}% 6
\BOOKMARK [1][-]{section.2.1}{Apriltags}{chapter.2}% 7
\BOOKMARK [1][-]{section.2.2}{AscTec Firefly}{chapter.2}% 8
\BOOKMARK [1][-]{section.2.3}{Coordinate Frames}{chapter.2}% 9
\BOOKMARK [2][-]{subsection.2.3.1}{Coordinate Frames in the Simulation }{section.2.3}% 10
\BOOKMARK [2][-]{subsection.2.3.2}{Coordinate Frames in the Real System}{section.2.3}% 11
\BOOKMARK [0][-]{chapter.3}{System Setup}{}% 12
\BOOKMARK [1][-]{section.3.1}{Connecting the Camera with ROS}{chapter.3}% 13
\BOOKMARK [1][-]{section.3.2}{Moving the Simulated MAV}{chapter.3}% 14
\BOOKMARK [1][-]{section.3.3}{Creating the Apriltag Models}{chapter.3}% 15
\BOOKMARK [1][-]{section.3.4}{Realistic Simulation Scenarios}{chapter.3}% 16
\BOOKMARK [0][-]{chapter.4}{Experimental Results}{}% 17
\BOOKMARK [1][-]{section.4.1}{Experiments Conducted in Simulation}{chapter.4}% 18
\BOOKMARK [1][-]{section.4.2}{Experiments Conducted in the Real System}{chapter.4}% 19
\BOOKMARK [0][-]{chapter.5}{Conclusion}{}% 20
\BOOKMARK [0][-]{chapter*.8}{Bibliography}{}% 21
